<?xml version="1.0" encoding="UTF-8"?>
<!-- Generated by org.testng.reporters.JUnitXMLReporter -->
<testsuite ignored="0" hostname="Deshan" failures="0" tests="8" name="Select Page Test" time="38.425" errors="0" timestamp="05 Jun 2021 17:32:49 GMT">
  <testcase classname="com.qa.letcode.tests.SelectPageTest" name="selectByVisibleText" time="3.022"/>
  <testcase classname="com.qa.letcode.tests.SelectPageTest" name="accPageTitleTest" time="0.026"/>
  <testcase classname="com.qa.letcode.tests.SelectPageTest" name="accPageLogoTest" time="0.075"/>
  <testcase classname="com.qa.letcode.tests.SelectPageTest" name="isMultiple" time="0.162"/>
  <testcase classname="com.qa.letcode.tests.SelectPageTest" name="SelectMultiple" time="0.347"/>
  <testcase classname="com.qa.letcode.tests.SelectPageTest" name="printAllValues" time="0.429"/>
  <testcase classname="com.qa.letcode.tests.SelectPageTest" name="printSelectedvalue" time="0.732"/>
  <testcase classname="com.qa.letcode.tests.SelectPageTest" name="getFirstSelectedOption" time="1.377"/>
</testsuite> <!-- Select Page Test -->
