<?xml version="1.0" encoding="UTF-8"?>
<testng-results ignored="0" total="14" passed="13" failed="1" skipped="0">
  <reporter-output>
  </reporter-output>
  <suite started-at="2021-06-05T17:32:10Z" name="Demo Cart App Regression Test Suite" finished-at="2021-06-05T17:32:50Z" duration-ms="39570">
    <groups>
    </groups>
    <test started-at="2021-06-05T17:32:10Z" name="Input Page Test" finished-at="2021-06-05T17:32:48Z" duration-ms="37801">
      <class name="com.qa.letcode.tests.InputPageTest">
        <test-method is-config="true" signature="setUp()[pri:0, instance:com.qa.letcode.tests.InputPageTest@2438dcd]" started-at="2021-06-05T17:32:10Z" name="setUp" finished-at="2021-06-05T17:32:28Z" duration-ms="18241" status="PASS">
          <reporter-output>
          </reporter-output>
        </test-method> <!-- setUp -->
        <test-method is-config="true" signature="AccSetUp()[pri:0, instance:com.qa.letcode.tests.InputPageTest@2438dcd]" started-at="2021-06-05T17:32:28Z" name="AccSetUp" finished-at="2021-06-05T17:32:41Z" duration-ms="12494" status="PASS">
          <reporter-output>
          </reporter-output>
        </test-method> <!-- AccSetUp -->
        <test-method signature="inputTes1()[pri:0, instance:com.qa.letcode.tests.InputPageTest@2438dcd]" started-at="2021-06-05T17:32:41Z" name="inputTes1" finished-at="2021-06-05T17:32:44Z" duration-ms="3137" status="PASS">
          <reporter-output>
          </reporter-output>
        </test-method> <!-- inputTes1 -->
        <test-method signature="inputTest2()[pri:0, instance:com.qa.letcode.tests.InputPageTest@2438dcd]" started-at="2021-06-05T17:32:44Z" name="inputTest2" finished-at="2021-06-05T17:32:44Z" duration-ms="5" status="PASS">
          <reporter-output>
          </reporter-output>
        </test-method> <!-- inputTest2 -->
        <test-method is-config="true" signature="tearDown()[pri:0, instance:com.qa.letcode.tests.InputPageTest@2438dcd]" started-at="2021-06-05T17:32:44Z" name="tearDown" finished-at="2021-06-05T17:32:48Z" duration-ms="3882" status="PASS">
          <reporter-output>
          </reporter-output>
        </test-method> <!-- tearDown -->
      </class> <!-- com.qa.letcode.tests.InputPageTest -->
    </test> <!-- Input Page Test -->
    <test started-at="2021-06-05T17:32:10Z" name="Login Page Test" finished-at="2021-06-05T17:32:48Z" duration-ms="37761">
      <class name="com.qa.letcode.tests.LoginPageTest">
        <test-method is-config="true" signature="setUp()[pri:0, instance:com.qa.letcode.tests.LoginPageTest@7bbc8656]" started-at="2021-06-05T17:32:10Z" name="setUp" finished-at="2021-06-05T17:32:34Z" duration-ms="23776" status="PASS">
          <reporter-output>
          </reporter-output>
        </test-method> <!-- setUp -->
        <test-method signature="loginPageTitleTest()[pri:1, instance:com.qa.letcode.tests.LoginPageTest@7bbc8656]" started-at="2021-06-05T17:32:34Z" name="loginPageTitleTest" finished-at="2021-06-05T17:32:34Z" duration-ms="403" status="PASS">
          <reporter-output>
          </reporter-output>
        </test-method> <!-- loginPageTitleTest -->
        <test-method signature="forgotPwdLinkTest()[pri:2, instance:com.qa.letcode.tests.LoginPageTest@7bbc8656]" started-at="2021-06-05T17:32:35Z" name="forgotPwdLinkTest" finished-at="2021-06-05T17:32:39Z" duration-ms="4092" status="PASS">
          <reporter-output>
          </reporter-output>
        </test-method> <!-- forgotPwdLinkTest -->
        <test-method signature="loginTest()[pri:3, instance:com.qa.letcode.tests.LoginPageTest@7bbc8656]" started-at="2021-06-05T17:32:39Z" name="loginTest" finished-at="2021-06-05T17:32:46Z" duration-ms="7555" status="FAIL">
          <exception class="org.openqa.selenium.TimeoutException">
            <message>
              <![CDATA[Expected condition failed: waiting for title to be "LetCode - Testing Hub". Current title: "LetCode with Koushik" (tried for 5 second(s) with 500 milliseconds interval)
Build info: version: '3.141.59', revision: 'e82be7d358', time: '2018-11-14T08:17:03'
System info: host: 'DESHAN', ip: '192.168.1.2', os.name: 'Windows 10', os.arch: 'amd64', os.version: '10.0', java.version: '15.0.1'
Driver info: org.openqa.selenium.chrome.ChromeDriver
Capabilities {acceptInsecureCerts: false, browserName: chrome, browserVersion: 91.0.4472.77, chrome: {chromedriverVersion: 91.0.4472.19 (1bf021f248676..., userDataDir: C:\Users\DELL\AppData\Local...}, goog:chromeOptions: {debuggerAddress: localhost:52843}, javascriptEnabled: true, networkConnectionEnabled: false, pageLoadStrategy: normal, platform: WINDOWS, platformName: WINDOWS, proxy: Proxy(), setWindowRect: true, strictFileInteractability: false, timeouts: {implicit: 0, pageLoad: 300000, script: 30000}, unhandledPromptBehavior: dismiss and notify, webauthn:extension:largeBlob: true, webauthn:virtualAuthenticators: true}
Session ID: 4adb93269a8d42a813aaa1d920f7d9b0]]>
            </message>
            <full-stacktrace>
              <![CDATA[org.openqa.selenium.TimeoutException: Expected condition failed: waiting for title to be "LetCode - Testing Hub". Current title: "LetCode with Koushik" (tried for 5 second(s) with 500 milliseconds interval)
Build info: version: '3.141.59', revision: 'e82be7d358', time: '2018-11-14T08:17:03'
System info: host: 'DESHAN', ip: '192.168.1.2', os.name: 'Windows 10', os.arch: 'amd64', os.version: '10.0', java.version: '15.0.1'
Driver info: org.openqa.selenium.chrome.ChromeDriver
Capabilities {acceptInsecureCerts: false, browserName: chrome, browserVersion: 91.0.4472.77, chrome: {chromedriverVersion: 91.0.4472.19 (1bf021f248676..., userDataDir: C:\Users\DELL\AppData\Local...}, goog:chromeOptions: {debuggerAddress: localhost:52843}, javascriptEnabled: true, networkConnectionEnabled: false, pageLoadStrategy: normal, platform: WINDOWS, platformName: WINDOWS, proxy: Proxy(), setWindowRect: true, strictFileInteractability: false, timeouts: {implicit: 0, pageLoad: 300000, script: 30000}, unhandledPromptBehavior: dismiss and notify, webauthn:extension:largeBlob: true, webauthn:virtualAuthenticators: true}
Session ID: 4adb93269a8d42a813aaa1d920f7d9b0
at org.openqa.selenium.support.ui.WebDriverWait.timeoutException(WebDriverWait.java:95)
at org.openqa.selenium.support.ui.FluentWait.until(FluentWait.java:272)
at com.qa.letcode.utils.ElementUtil.waitForTitleIs(ElementUtil.java:349)
at com.qa.letcode.pages.SelectPage.getSelectPageTitle(SelectPage.java:38)
at com.qa.letcode.tests.LoginPageTest.loginTest(LoginPageTest.java:44)
at java.base/jdk.internal.reflect.NativeMethodAccessorImpl.invoke0(Native Method)
at java.base/jdk.internal.reflect.NativeMethodAccessorImpl.invoke(NativeMethodAccessorImpl.java:64)
at java.base/jdk.internal.reflect.DelegatingMethodAccessorImpl.invoke(DelegatingMethodAccessorImpl.java:43)
at java.base/java.lang.reflect.Method.invoke(Method.java:564)
at org.testng.internal.MethodInvocationHelper.invokeMethod(MethodInvocationHelper.java:124)
at org.testng.internal.Invoker.invokeMethod(Invoker.java:583)
at org.testng.internal.Invoker.invokeTestMethod(Invoker.java:719)
at org.testng.internal.Invoker.invokeTestMethods(Invoker.java:989)
at org.testng.internal.TestMethodWorker.invokeTestMethods(TestMethodWorker.java:125)
at org.testng.internal.TestMethodWorker.run(TestMethodWorker.java:109)
at org.testng.TestRunner.privateRun(TestRunner.java:648)
at org.testng.TestRunner.run(TestRunner.java:505)
at org.testng.SuiteRunner.runTest(SuiteRunner.java:455)
at org.testng.SuiteRunner.access$000(SuiteRunner.java:40)
at org.testng.SuiteRunner$SuiteWorker.run(SuiteRunner.java:489)
at org.testng.internal.thread.ThreadUtil$1.call(ThreadUtil.java:52)
at java.base/java.util.concurrent.FutureTask.run(FutureTask.java:264)
at java.base/java.util.concurrent.ThreadPoolExecutor.runWorker(ThreadPoolExecutor.java:1130)
at java.base/java.util.concurrent.ThreadPoolExecutor$Worker.run(ThreadPoolExecutor.java:630)
at java.base/java.lang.Thread.run(Thread.java:832)
]]>
            </full-stacktrace>
          </exception> <!-- org.openqa.selenium.TimeoutException -->
          <reporter-output>
          </reporter-output>
        </test-method> <!-- loginTest -->
        <test-method is-config="true" signature="tearDown()[pri:0, instance:com.qa.letcode.tests.LoginPageTest@7bbc8656]" started-at="2021-06-05T17:32:46Z" name="tearDown" finished-at="2021-06-05T17:32:48Z" duration-ms="1484" status="PASS">
          <reporter-output>
          </reporter-output>
        </test-method> <!-- tearDown -->
      </class> <!-- com.qa.letcode.tests.LoginPageTest -->
    </test> <!-- Login Page Test -->
    <test started-at="2021-06-05T17:32:10Z" name="Select Page Test" finished-at="2021-06-05T17:32:49Z" duration-ms="38425">
      <class name="com.qa.letcode.tests.SelectPageTest">
        <test-method is-config="true" signature="setUp()[pri:0, instance:com.qa.letcode.tests.SelectPageTest@461ad730]" started-at="2021-06-05T17:32:10Z" name="setUp" finished-at="2021-06-05T17:32:33Z" duration-ms="22813" status="PASS">
          <reporter-output>
          </reporter-output>
        </test-method> <!-- setUp -->
        <test-method is-config="true" signature="AccSetUp()[pri:0, instance:com.qa.letcode.tests.SelectPageTest@461ad730]" started-at="2021-06-05T17:32:33Z" name="AccSetUp" finished-at="2021-06-05T17:32:41Z" duration-ms="7897" status="PASS">
          <reporter-output>
          </reporter-output>
        </test-method> <!-- AccSetUp -->
        <test-method signature="selectByVisibleText()[pri:0, instance:com.qa.letcode.tests.SelectPageTest@461ad730]" started-at="2021-06-05T17:32:41Z" name="selectByVisibleText" finished-at="2021-06-05T17:32:44Z" duration-ms="3022" status="PASS">
          <reporter-output>
          </reporter-output>
        </test-method> <!-- selectByVisibleText -->
        <test-method signature="accPageTitleTest()[pri:1, instance:com.qa.letcode.tests.SelectPageTest@461ad730]" started-at="2021-06-05T17:32:44Z" name="accPageTitleTest" finished-at="2021-06-05T17:32:44Z" duration-ms="26" status="PASS">
          <reporter-output>
          </reporter-output>
        </test-method> <!-- accPageTitleTest -->
        <test-method signature="accPageLogoTest()[pri:2, instance:com.qa.letcode.tests.SelectPageTest@461ad730]" started-at="2021-06-05T17:32:44Z" name="accPageLogoTest" finished-at="2021-06-05T17:32:44Z" duration-ms="75" status="PASS">
          <reporter-output>
          </reporter-output>
        </test-method> <!-- accPageLogoTest -->
        <test-method signature="isMultiple()[pri:3, instance:com.qa.letcode.tests.SelectPageTest@461ad730]" started-at="2021-06-05T17:32:44Z" name="isMultiple" finished-at="2021-06-05T17:32:44Z" duration-ms="162" status="PASS">
          <reporter-output>
          </reporter-output>
        </test-method> <!-- isMultiple -->
        <test-method signature="SelectMultiple()[pri:5, instance:com.qa.letcode.tests.SelectPageTest@461ad730]" started-at="2021-06-05T17:32:44Z" name="SelectMultiple" finished-at="2021-06-05T17:32:45Z" duration-ms="347" status="PASS">
          <reporter-output>
          </reporter-output>
        </test-method> <!-- SelectMultiple -->
        <test-method signature="printAllValues()[pri:6, instance:com.qa.letcode.tests.SelectPageTest@461ad730]" started-at="2021-06-05T17:32:45Z" name="printAllValues" finished-at="2021-06-05T17:32:45Z" duration-ms="429" status="PASS">
          <reporter-output>
          </reporter-output>
        </test-method> <!-- printAllValues -->
        <test-method signature="printSelectedvalue()[pri:7, instance:com.qa.letcode.tests.SelectPageTest@461ad730]" started-at="2021-06-05T17:32:45Z" name="printSelectedvalue" finished-at="2021-06-05T17:32:46Z" duration-ms="732" status="PASS">
          <reporter-output>
          </reporter-output>
        </test-method> <!-- printSelectedvalue -->
        <test-method signature="getFirstSelectedOption()[pri:8, instance:com.qa.letcode.tests.SelectPageTest@461ad730]" started-at="2021-06-05T17:32:46Z" name="getFirstSelectedOption" finished-at="2021-06-05T17:32:47Z" duration-ms="1377" status="PASS">
          <reporter-output>
          </reporter-output>
        </test-method> <!-- getFirstSelectedOption -->
        <test-method is-config="true" signature="tearDown()[pri:0, instance:com.qa.letcode.tests.SelectPageTest@461ad730]" started-at="2021-06-05T17:32:47Z" name="tearDown" finished-at="2021-06-05T17:32:49Z" duration-ms="1493" status="PASS">
          <reporter-output>
          </reporter-output>
        </test-method> <!-- tearDown -->
      </class> <!-- com.qa.letcode.tests.SelectPageTest -->
    </test> <!-- Select Page Test -->
    <test started-at="2021-06-05T17:32:10Z" name="Button Page Test" finished-at="2021-06-05T17:32:50Z" duration-ms="39562">
      <class name="com.qa.letcode.tests.ButtonPageTest">
        <test-method is-config="true" signature="setUp()[pri:0, instance:com.qa.letcode.tests.ButtonPageTest@e3b3b2f]" started-at="2021-06-05T17:32:10Z" name="setUp" finished-at="2021-06-05T17:32:40Z" duration-ms="29398" status="PASS">
          <reporter-output>
          </reporter-output>
        </test-method> <!-- setUp -->
        <test-method is-config="true" signature="AccSetUp()[pri:0, instance:com.qa.letcode.tests.ButtonPageTest@e3b3b2f]" started-at="2021-06-05T17:32:40Z" name="AccSetUp" finished-at="2021-06-05T17:32:46Z" duration-ms="6878" status="PASS">
          <reporter-output>
          </reporter-output>
        </test-method> <!-- AccSetUp -->
        <test-method signature="inputTes1()[pri:0, instance:com.qa.letcode.tests.ButtonPageTest@e3b3b2f]" started-at="2021-06-05T17:32:46Z" name="inputTes1" finished-at="2021-06-05T17:32:49Z" duration-ms="2371" status="PASS">
          <reporter-output>
          </reporter-output>
        </test-method> <!-- inputTes1 -->
        <test-method is-config="true" signature="tearDown()[pri:0, instance:com.qa.letcode.tests.ButtonPageTest@e3b3b2f]" started-at="2021-06-05T17:32:49Z" name="tearDown" finished-at="2021-06-05T17:32:50Z" duration-ms="905" status="PASS">
          <reporter-output>
          </reporter-output>
        </test-method> <!-- tearDown -->
      </class> <!-- com.qa.letcode.tests.ButtonPageTest -->
    </test> <!-- Button Page Test -->
  </suite> <!-- Demo Cart App Regression Test Suite -->
</testng-results>
