<?xml version="1.0" encoding="UTF-8"?>
<testsuite xmlns:xsi="http://www.w3.org/2001/XMLSchema-instance" xsi:noNamespaceSchemaLocation="https://maven.apache.org/surefire/maven-surefire-plugin/xsd/surefire-test-report.xsd" name="TestSuite" time="40.864" tests="14" errors="0" skipped="0" failures="1">
  <properties>
[...]
</properties>
  <testcase name="loginPageTitleTest" classname="com.qa.letcode.tests.LoginPageTest" time="0.621"/>
  <testcase name="forgotPwdLinkTest" classname="com.qa.letcode.tests.LoginPageTest" time="4.089"/>
  <testcase name="selectByVisibleText" classname="com.qa.letcode.tests.SelectPageTest" time="2.996"/>
  <testcase name="accPageTitleTest" classname="com.qa.letcode.tests.SelectPageTest" time="0.025"/>
  <testcase name="accPageLogoTest" classname="com.qa.letcode.tests.SelectPageTest" time="0.072"/>
  <testcase name="inputTes1" classname="com.qa.letcode.tests.InputPageTest" time="0.043"/>
  <testcase name="inputTest2" classname="com.qa.letcode.tests.InputPageTest" time="0"/>
  <testcase name="isMultiple" classname="com.qa.letcode.tests.SelectPageTest" time="0.119"/>
  <testcase name="SelectMultiple" classname="com.qa.letcode.tests.SelectPageTest" time="0.35"/>
  <testcase name="printAllValues" classname="com.qa.letcode.tests.SelectPageTest" time="0.426"/>
  <testcase name="printSelectedvalue" classname="com.qa.letcode.tests.SelectPageTest" time="0.734"/>
  <testcase name="loginTest" classname="com.qa.letcode.tests.LoginPageTest" time="0.717">
    <failure message="Expected condition failed: waiting for title to be &quot;LetCode - Testing Hub&quot;. Current title: &quot;LetCode with Koushik&quot; (tried for 5 second(s) with 500 milliseconds interval)&#10;Build info: version: &apos;3.141.59&apos;, revision: &apos;e82be7d358&apos;, time: &apos;2018-11-14T08:17:03&apos;&#10;System info: host: &apos;DESHAN&apos;, ip: &apos;192.168.1.2&apos;, os.name: &apos;Windows 10&apos;, os.arch: &apos;amd64&apos;, os.version: &apos;10.0&apos;, java.version: &apos;15.0.1&apos;&#10;Driver info: org.openqa.selenium.chrome.ChromeDriver&#10;Capabilities {acceptInsecureCerts: false, browserName: chrome, browserVersion: 91.0.4472.77, chrome: {chromedriverVersion: 91.0.4472.19 (1bf021f248676..., userDataDir: C:\Users\DELL\AppData\Local...}, goog:chromeOptions: {debuggerAddress: localhost:52843}, javascriptEnabled: true, networkConnectionEnabled: false, pageLoadStrategy: normal, platform: WINDOWS, platformName: WINDOWS, proxy: Proxy(), setWindowRect: true, strictFileInteractability: false, timeouts: {implicit: 0, pageLoad: 300000, script: 30000}, unhandledPromptBehavior: dismiss and notify, webauthn:extension:largeBlob: true, webauthn:virtualAuthenticators: true}&#10;Session ID: 4adb93269a8d42a813aaa1d920f7d9b0" type="org.openqa.selenium.TimeoutException">org.openqa.selenium.TimeoutException: 
Expected condition failed: waiting for title to be "LetCode - Testing Hub". Current title: "LetCode with Koushik" (tried for 5 second(s) with 500 milliseconds interval)
Build info: version: '3.141.59', revision: 'e82be7d358', time: '2018-11-14T08:17:03'
System info: host: 'DESHAN', ip: '192.168.1.2', os.name: 'Windows 10', os.arch: 'amd64', os.version: '10.0', java.version: '15.0.1'
Driver info: org.openqa.selenium.chrome.ChromeDriver
Capabilities {acceptInsecureCerts: false, browserName: chrome, browserVersion: 91.0.4472.77, chrome: {chromedriverVersion: 91.0.4472.19 (1bf021f248676..., userDataDir: C:\Users\DELL\AppData\Local...}, goog:chromeOptions: {debuggerAddress: localhost:52843}, javascriptEnabled: true, networkConnectionEnabled: false, pageLoadStrategy: normal, platform: WINDOWS, platformName: WINDOWS, proxy: Proxy(), setWindowRect: true, strictFileInteractability: false, timeouts: {implicit: 0, pageLoad: 300000, script: 30000}, unhandledPromptBehavior: dismiss and notify, webauthn:extension:largeBlob: true, webauthn:virtualAuthenticators: true}
Session ID: 4adb93269a8d42a813aaa1d920f7d9b0
	at com.qa.letcode.tests.LoginPageTest.loginTest(LoginPageTest.java:44)
</failure>
    <system-out><![CDATA[User Entered Input is : deshancse@gmail.com
Field is displayed : true
Field is enabled : true
User Entered Input is : deshan@123
Button is displayed : true
Button is enabled : true
]]></system-out>
  </testcase>
  <testcase name="getFirstSelectedOption" classname="com.qa.letcode.tests.SelectPageTest" time="0.641"/>
  <testcase name="inputTes1" classname="com.qa.letcode.tests.ButtonPageTest" time="2.37"/>
</testsuite>