<?xml version="1.0" encoding="UTF-8"?>
<!-- Generated by org.testng.reporters.JUnitXMLReporter -->
<testsuite ignored="0" hostname="Deshan" failures="0" tests="8" name="Select Page Test" time="36.606" errors="0" timestamp="05 Jun 2021 13:12:40 GMT">
  <testcase classname="com.qa.letcode.tests.SelectPageTest" name="selectByVisibleText" time="5.113"/>
  <testcase classname="com.qa.letcode.tests.SelectPageTest" name="accPageTitleTest" time="0.151"/>
  <testcase classname="com.qa.letcode.tests.SelectPageTest" name="accPageLogoTest" time="0.117"/>
  <testcase classname="com.qa.letcode.tests.SelectPageTest" name="isMultiple" time="0.16"/>
  <testcase classname="com.qa.letcode.tests.SelectPageTest" name="SelectMultiple" time="0.348"/>
  <testcase classname="com.qa.letcode.tests.SelectPageTest" name="printAllValues" time="0.371"/>
  <testcase classname="com.qa.letcode.tests.SelectPageTest" name="printSelectedvalue" time="0.466"/>
  <testcase classname="com.qa.letcode.tests.SelectPageTest" name="getFirstSelectedOption" time="1.47"/>
</testsuite> <!-- Select Page Test -->
